2019-02-15 09:22:57 ERROR Could not fast connect
2019-02-19 15:11:18 ERROR Could not fast connect
2019-02-19 15:11:18 ERROR Could not fast connect
2019-02-25 15:06:21 ERROR Could not connect to Belgium  ,because you were not disconnected.
2019-02-25 15:06:21 ERROR Could not connect to Belgium  ,because you were not disconnected.
2019-02-25 15:06:25 ERROR Could not connect to Belgium  ,because you were not disconnected.
2019-02-25 15:06:25 ERROR Could not connect to Belgium  ,because you were not disconnected.
2019-02-25 15:06:26 ERROR Could not connect to Belgium  ,because you were not disconnected.
2019-02-25 15:06:26 ERROR Could not connect to Belgium  ,because you were not disconnected.
2019-02-25 15:06:26 ERROR Could not connect to Belgium  ,because you were not disconnected.
2019-02-25 15:06:26 ERROR Could not connect to Belgium  ,because you were not disconnected.
2019-02-25 15:06:27 ERROR Could not connect to Belgium  ,because you were not disconnected.
2019-02-25 15:06:27 ERROR Could not connect to Belgium  ,because you were not disconnected.
2019-02-25 15:06:41 ERROR Could not connect to Albania  ,because you were not disconnected.
2019-02-25 15:06:41 ERROR Could not connect to Albania  ,because you were not disconnected.
2019-02-25 15:06:45 ERROR Could not connect to Albania  ,because you were not disconnected.
2019-02-25 15:06:45 ERROR Could not connect to Albania  ,because you were not disconnected.
2019-02-25 15:06:45 ERROR Could not connect to Albania  ,because you were not disconnected.
2019-02-25 15:06:45 ERROR Could not connect to Albania  ,because you were not disconnected.
2019-02-25 15:06:50 ERROR Could not connect to Albania  ,because you were not disconnected.
2019-02-25 15:06:50 ERROR Could not connect to Albania  ,because you were not disconnected.
2019-02-25 15:06:51 ERROR Could not connect to Albania  ,because you were not disconnected.
2019-02-25 15:06:51 ERROR Could not connect to Albania  ,because you were not disconnected.
2019-02-25 15:06:51 ERROR Could not connect to Albania  ,because you were not disconnected.
2019-02-25 15:06:51 ERROR Could not connect to Albania  ,because you were not disconnected.
2019-02-25 15:06:52 ERROR Could not connect to Albania  ,because you were not disconnected.
2019-02-25 15:06:52 ERROR Could not connect to Albania  ,because you were not disconnected.
2019-02-25 15:06:52 ERROR Could not connect to Albania  ,because you were not disconnected.
2019-02-25 15:06:52 ERROR Could not connect to Albania  ,because you were not disconnected.
2019-02-25 15:06:53 ERROR Could not connect to Albania  ,because you were not disconnected.
2019-02-25 15:06:53 ERROR Could not connect to Albania  ,because you were not disconnected.
2019-02-25 15:06:53 ERROR Could not connect to Albania  ,because you were not disconnected.
2019-02-25 15:06:53 ERROR Could not connect to Albania  ,because you were not disconnected.
2019-02-25 15:06:53 ERROR Could not connect to Albania  ,because you were not disconnected.
2019-02-25 15:06:53 ERROR Could not connect to Albania  ,because you were not disconnected.
2019-02-25 15:06:54 ERROR Could not connect to Albania  ,because you were not disconnected.
2019-02-25 15:06:54 ERROR Could not connect to Albania  ,because you were not disconnected.
2019-02-25 15:06:54 ERROR Could not connect to Albania  ,because you were not disconnected.
2019-02-25 15:06:54 ERROR Could not connect to Albania  ,because you were not disconnected.
2019-02-25 15:06:55 ERROR Could not connect to Albania  ,because you were not disconnected.
2019-02-25 15:06:55 ERROR Could not connect to Albania  ,because you were not disconnected.
2019-02-25 15:06:55 ERROR Could not connect to Albania  ,because you were not disconnected.
2019-02-25 15:06:55 ERROR Could not connect to Albania  ,because you were not disconnected.
2019-02-25 15:06:55 ERROR Could not connect to Albania  ,because you were not disconnected.
2019-02-25 15:06:55 ERROR Could not connect to Albania  ,because you were not disconnected.
2019-02-25 15:06:56 ERROR Could not connect to Albania  ,because you were not disconnected.
2019-02-25 15:06:56 ERROR Could not connect to Albania  ,because you were not disconnected.
2019-02-25 15:06:56 ERROR Could not connect to Albania  ,because you were not disconnected.
2019-02-25 15:06:56 ERROR Could not connect to Albania  ,because you were not disconnected.
2019-02-25 15:14:02 ERROR Could not connect to Albania  ,because you were not disconnected.
2019-02-25 15:14:02 ERROR Could not connect to Albania  ,because you were not disconnected.
2019-02-25 15:14:09 ERROR Could not connect to Albania  ,because you were not disconnected.
2019-02-25 15:14:09 ERROR Could not connect to Albania  ,because you were not disconnected.
2019-02-25 15:14:13 ERROR Could not connect to Albania  ,because you were not disconnected.
2019-02-25 15:14:13 ERROR Could not connect to Albania  ,because you were not disconnected.
2019-02-25 15:14:14 ERROR Could not connect to Albania  ,because you were not disconnected.
2019-02-25 15:14:14 ERROR Could not connect to Albania  ,because you were not disconnected.
2019-02-25 15:14:14 ERROR Could not connect to Albania  ,because you were not disconnected.
2019-02-25 15:14:14 ERROR Could not connect to Albania  ,because you were not disconnected.
2019-02-25 15:14:15 ERROR Could not connect to Albania  ,because you were not disconnected.
2019-02-25 15:14:15 ERROR Could not connect to Albania  ,because you were not disconnected.
2019-02-25 15:14:15 ERROR Could not connect to Albania  ,because you were not disconnected.
2019-02-25 15:14:15 ERROR Could not connect to Albania  ,because you were not disconnected.
2019-02-25 15:14:16 ERROR Could not connect to Albania  ,because you were not disconnected.
2019-02-25 15:14:16 ERROR Could not connect to Albania  ,because you were not disconnected.
2019-02-25 15:14:16 ERROR Could not connect to Albania  ,because you were not disconnected.
2019-02-25 15:14:16 ERROR Could not connect to Albania  ,because you were not disconnected.
2019-02-25 15:14:17 ERROR Could not connect to Albania  ,because you were not disconnected.
2019-02-25 15:14:17 ERROR Could not connect to Albania  ,because you were not disconnected.
2019-02-25 15:14:17 ERROR Could not connect to Albania  ,because you were not disconnected.
2019-02-25 15:14:17 ERROR Could not connect to Albania  ,because you were not disconnected.
2019-02-25 15:14:17 ERROR Could not connect to Albania  ,because you were not disconnected.
2019-02-25 15:14:17 ERROR Could not connect to Albania  ,because you were not disconnected.
2019-02-25 15:14:18 ERROR Could not connect to Albania  ,because you were not disconnected.
2019-02-25 15:14:18 ERROR Could not connect to Albania  ,because you were not disconnected.
2019-02-25 15:14:18 ERROR Could not connect to Albania  ,because you were not disconnected.
2019-02-25 15:14:18 ERROR Could not connect to Albania  ,because you were not disconnected.
2019-02-25 15:14:19 ERROR Could not connect to Albania  ,because you were not disconnected.
2019-02-25 15:14:19 ERROR Could not connect to Albania  ,because you were not disconnected.
2019-02-25 15:15:31 ERROR Could not connect to Australia  ,because you were not disconnected.
2019-02-25 15:15:31 ERROR Could not connect to Australia  ,because you were not disconnected.
2019-02-25 15:16:05 ERROR Could not connect to Brazil  ,because you were not disconnected.
2019-02-25 15:16:05 ERROR Could not connect to Brazil  ,because you were not disconnected.
2019-02-25 15:16:10 ERROR Could not connect to Chile  ,because you were not disconnected.
2019-02-25 15:16:10 ERROR Could not connect to Chile  ,because you were not disconnected.
2019-02-25 15:16:10 ERROR Could not connect to Chile  ,because you were not disconnected.
2019-02-25 15:16:10 ERROR Could not connect to Chile  ,because you were not disconnected.
2019-02-25 15:16:11 ERROR Could not connect to Chile  ,because you were not disconnected.
2019-02-25 15:16:11 ERROR Could not connect to Chile  ,because you were not disconnected.
2019-02-25 17:30:01 ERROR Could not fast connect
2019-02-25 17:30:01 ERROR Could not fast connect
2019-02-25 17:31:35 ERROR Could not fast connect
2019-02-25 17:31:35 ERROR Could not fast connect
2019-02-25 17:32:34 ERROR Could not fast connect
2019-02-25 17:32:34 ERROR Could not fast connect
2019-02-25 17:34:11 ERROR Could not fast connect
2019-02-25 17:34:11 ERROR Could not fast connect
2019-02-25 17:42:10 ERROR Could not fast connect
2019-02-25 17:42:10 ERROR Could not fast connect
2019-02-25 17:45:51 ERROR Could not fast connect
2019-02-25 17:45:51 ERROR Could not fast connect
2019-02-25 17:49:47 ERROR Could not fast connect
2019-02-25 17:49:47 ERROR Could not fast connect
2019-02-25 17:52:06 ERROR Could not connect to Australia  ,because you were not disconnected.
2019-02-25 17:52:06 ERROR Could not connect to Australia  ,because you were not disconnected.
2019-02-25 17:57:41 ERROR Could not fast connect
2019-02-25 17:57:41 ERROR Could not fast connect
2019-02-25 17:58:43 ERROR Could not fast connect
2019-02-25 17:58:43 ERROR Could not fast connect
2019-02-25 18:02:21 ERROR Could not fast connect
2019-02-25 18:02:21 ERROR Could not fast connect
2019-02-25 18:03:24 ERROR Could not fast connect
2019-02-25 18:03:24 ERROR Could not fast connect
2019-02-25 18:03:54 ERROR Could not fast connect
2019-02-25 18:03:54 ERROR Could not fast connect
2019-02-25 18:03:59 ERROR Could not fast connect
2019-02-25 18:03:59 ERROR Could not fast connect
