2019-02-12 23:03:56 ERROR Could not connect to Germany Frankfurt .
2019-02-12 23:03:56 INFO You tried to disconnect even though you are not connected to NordVPN
2019-02-12 23:04:03 INFO You are connected to Netherlands-Amsterdam
2019-02-12 23:09:59 ERROR Could not connect to Germany Frankfurt .
2019-02-12 23:09:59 INFO You tried to disconnect even though you are not connected to NordVPN
2019-02-12 23:10:02 INFO You are connected to Slovakia-Bratislava
2019-02-12 23:11:06 INFO You are disconnected
2019-02-12 23:11:07 ERROR Could not connect to Germany Frankfurt .
2019-02-12 23:11:07 INFO You tried to disconnect even though you are not connected to NordVPN
2019-02-12 23:11:10 INFO You are connected to Slovakia-Bratislava
2019-02-12 23:11:45 INFO You are disconnected
2019-02-12 23:11:46 ERROR Could not connect to Germany Frankfurt .
2019-02-12 23:11:46 INFO You tried to disconnect even though you are not connected to NordVPN
2019-02-12 23:11:49 INFO You are connected to Slovakia-Bratislava
2019-02-12 23:12:50 ERROR Could not connect to Germany Frankfurt .
2019-02-12 23:12:50 INFO You tried to disconnect even though you are not connected to NordVPN
2019-02-12 23:12:53 INFO You are connected to Slovakia-Bratislava
2019-02-12 23:13:07 INFO You are disconnected
2019-02-12 23:13:07 ERROR Could not connect to Germany Frankfurt .
2019-02-12 23:13:08 INFO You tried to disconnect even though you are not connected to NordVPN
2019-02-12 23:13:10 INFO You are connected to Sweden-Stockholm
2019-02-12 23:14:44 INFO You are disconnected
2019-02-12 23:14:45 ERROR Could not connect to Germany Frankfurt .
2019-02-12 23:14:45 INFO You tried to disconnect even though you are not connected to NordVPN
2019-02-12 23:14:48 INFO You are connected to Slovakia-Bratislava
2019-02-12 23:16:03 ERROR Could not connect to Germany Frankfurt .
2019-02-12 23:16:04 INFO You tried to disconnect even though you are not connected to NordVPN
2019-02-12 23:16:08 INFO You are connected to Germany-Berlin
2019-02-12 23:16:23 INFO You are disconnected
2019-02-12 23:16:23 ERROR Could not connect to Germany Frankfurt .
2019-02-12 23:16:24 INFO You tried to disconnect even though you are not connected to NordVPN
2019-02-12 23:16:26 INFO You are connected to Sweden-Stockholm
2019-02-12 23:16:46 INFO You are disconnected
2019-02-12 23:16:49 INFO You are connected to Germany Frankfurt .
2019-02-12 23:16:51 INFO You are disconnected
2019-02-12 23:16:54 INFO You are connected to Netherlands-Amsterdam
2019-02-12 23:17:13 INFO You are disconnected
2019-02-12 23:17:16 INFO You are connected to Germany Frankfurt .
2019-02-12 23:17:16 INFO You are disconnected
2019-02-12 23:17:20 INFO You are connected to Moldova-Chisinau
2019-02-12 23:25:14 INFO You are connected to Germany  .
2019-02-15 09:22:57 ERROR Could not fast connect
2019-02-15 09:24:23 INFO You tried to disconnect even though you are not connected to NordVPN
2019-02-15 09:24:34 INFO You are connected to Germany-Frankfurt
2019-02-15 09:24:45 INFO You are disconnected
2019-02-15 09:24:56 INFO You are connected to Germany-Frankfurt
2019-02-15 09:32:40 INFO You are disconnected
2019-02-15 09:32:46 INFO You are connected to Germany-Frankfurt
2019-02-15 09:33:08 INFO You are disconnected
2019-02-15 09:33:10 INFO You are connected to Germany-Frankfurt
2019-02-15 09:33:59 INFO You are disconnected
2019-02-15 09:34:02 INFO You are connected to Germany-Frankfurt
2019-02-19 15:11:18 ERROR Could not fast connect
2019-02-19 15:11:18 ERROR Could not fast connect
2019-02-19 16:19:37 INFO Working
2019-02-19 16:19:37 INFO Working
2019-02-19 16:20:04 INFO Working
2019-02-19 16:20:04 INFO Working
2019-02-20 08:37:26 INFO Working
2019-02-20 08:37:26 INFO Working
2019-02-20 08:39:08 INFO Working
2019-02-20 08:39:08 INFO Working
2019-02-20 08:39:08 INFO Working
2019-02-20 08:45:44 INFO Working
2019-02-20 08:45:44 INFO Working
2019-02-20 08:45:44 INFO Working
2019-02-20 08:47:31 INFO Working
2019-02-20 08:47:31 INFO Working
2019-02-20 08:47:31 INFO Working
2019-02-20 09:17:56 INFO Working
2019-02-20 09:17:56 INFO Working
2019-02-20 09:17:56 INFO Working
2019-02-20 09:37:56 INFO Working
2019-02-20 09:37:56 INFO Working
2019-02-20 09:37:56 INFO Working
2019-02-20 09:55:29 INFO Working
2019-02-20 09:55:29 INFO Working
2019-02-20 09:55:29 INFO Working
2019-02-20 10:06:53 INFO Working
2019-02-20 10:06:53 INFO Working
2019-02-20 10:06:53 INFO Working
2019-02-20 10:20:21 INFO Working
2019-02-20 10:20:21 INFO Working
2019-02-20 10:20:21 INFO Working
2019-02-20 10:31:40 INFO Working
2019-02-20 10:31:40 INFO Working
2019-02-20 10:31:40 INFO Working
2019-02-20 10:37:57 INFO Working
2019-02-20 10:37:57 INFO Working
2019-02-20 10:37:57 INFO Working
2019-02-20 13:16:40 INFO Working
2019-02-20 13:16:40 INFO Working
2019-02-20 13:16:40 INFO Working
2019-02-20 13:19:11 INFO Working
2019-02-20 13:19:11 INFO Working
2019-02-20 13:19:11 INFO Working
2019-02-20 13:20:18 INFO Working
2019-02-20 13:20:18 INFO Working
2019-02-20 13:20:18 INFO Working
2019-02-20 13:21:04 INFO Working
2019-02-20 13:21:04 INFO Working
2019-02-20 13:21:04 INFO Working
2019-02-20 13:24:13 INFO Working
2019-02-20 13:24:13 INFO Working
2019-02-20 13:24:13 INFO Working
2019-02-20 13:32:18 INFO Working
2019-02-20 13:32:18 INFO Working
2019-02-20 13:32:18 INFO Working
2019-02-20 13:33:19 INFO Working
2019-02-20 13:33:19 INFO Working
2019-02-20 13:33:19 INFO Working
2019-02-20 13:33:51 INFO Working
2019-02-20 13:33:51 INFO Working
2019-02-20 13:33:51 INFO Working
2019-02-20 13:35:50 INFO Working
2019-02-20 13:35:50 INFO Working
2019-02-20 13:35:50 INFO Working
2019-02-20 13:36:35 INFO Working
2019-02-20 13:36:35 INFO Working
2019-02-20 13:36:35 INFO Working
2019-02-20 13:37:32 INFO Working
2019-02-20 13:37:32 INFO Working
2019-02-20 13:37:32 INFO Working
2019-02-20 13:38:25 INFO Working
2019-02-20 13:38:25 INFO Working
2019-02-20 13:38:25 INFO Working
2019-02-20 13:39:28 INFO Working
2019-02-20 13:39:28 INFO Working
2019-02-20 13:39:28 INFO Working
2019-02-20 13:40:48 INFO Working
2019-02-20 13:40:48 INFO Working
2019-02-20 13:40:48 INFO Working
2019-02-20 13:47:25 INFO Working
2019-02-20 13:47:25 INFO Working
2019-02-20 13:47:25 INFO Working
2019-02-20 13:48:38 INFO Working
2019-02-20 13:48:38 INFO Working
2019-02-20 13:48:38 INFO Working
2019-02-20 13:51:30 INFO Working
2019-02-20 13:51:30 INFO Working
2019-02-20 13:51:30 INFO Working
2019-02-22 08:20:06 INFO Working
2019-02-22 08:20:06 INFO Working
2019-02-22 08:20:06 INFO Working
2019-02-22 09:26:10 INFO Working
2019-02-22 09:26:10 INFO Working
2019-02-22 09:26:10 INFO Working
2019-02-22 09:29:47 INFO Working
2019-02-22 09:29:47 INFO Working
2019-02-22 09:29:47 INFO Working
2019-02-22 10:01:17 INFO Working
2019-02-22 10:01:17 INFO Working
2019-02-22 10:01:17 INFO Working
2019-02-22 10:18:34 INFO Working
2019-02-22 10:18:34 INFO Working
2019-02-22 10:18:34 INFO Working
2019-02-22 12:25:31 INFO Working
2019-02-22 12:25:31 INFO Working
2019-02-22 12:25:31 INFO Working
2019-02-22 13:47:54 INFO Working
2019-02-22 13:47:54 INFO Working
2019-02-22 13:47:54 INFO Working
2019-02-22 13:53:06 INFO Working
2019-02-22 13:53:06 INFO Working
2019-02-22 13:53:06 INFO Working
2019-02-22 14:09:14 INFO Working
2019-02-22 14:09:14 INFO Working
2019-02-22 14:09:14 INFO Working
2019-02-22 14:10:46 INFO Working
2019-02-22 14:10:46 INFO Working
2019-02-22 14:10:46 INFO Working
2019-02-22 14:13:26 INFO Working
2019-02-22 14:13:26 INFO Working
2019-02-22 14:13:26 INFO Working
2019-02-22 17:20:24 INFO You are connected to Bosnia_And_Herzegovina  .
2019-02-22 17:20:24 INFO You are connected to Bosnia_And_Herzegovina  .
2019-02-22 17:20:24 INFO You are connected to Bosnia_And_Herzegovina  .
2019-02-22 17:24:02 INFO Working
2019-02-22 17:24:02 INFO Working
2019-02-22 17:24:02 INFO Working
2019-02-22 17:25:24 INFO Working
2019-02-22 17:25:24 INFO Working
2019-02-22 17:25:24 INFO Working
2019-02-22 17:25:53 INFO Working
2019-02-22 17:25:53 INFO Working
2019-02-22 17:25:53 INFO Working
2019-02-22 17:56:07 INFO Working
2019-02-22 17:56:07 INFO Working
2019-02-22 17:56:07 INFO Working
2019-02-22 18:26:50 INFO Working
2019-02-22 18:26:50 INFO Working
2019-02-22 18:26:50 INFO Working
2019-02-22 18:28:37 INFO You are connected to Belgium-Brussels
2019-02-22 18:28:37 INFO You are connected to Belgium-Brussels
2019-02-22 18:28:37 INFO You are connected to Belgium-Brussels
2019-02-25 08:01:29 INFO You are connected to Bosnia_And_Herzegovina  .
2019-02-25 08:01:29 INFO You are connected to Bosnia_And_Herzegovina  .
2019-02-25 08:01:29 INFO You are connected to Bosnia_And_Herzegovina  .
2019-02-25 08:18:59 INFO You are disconnected
2019-02-25 08:18:59 INFO You are disconnected
2019-02-25 08:18:59 INFO You are disconnected
2019-02-25 08:19:03 INFO You are connected to Austria  .
2019-02-25 08:19:03 INFO You are connected to Austria  .
2019-02-25 08:19:03 INFO You are connected to Austria  .
2019-02-25 08:19:27 INFO You are disconnected
2019-02-25 08:19:27 INFO You are disconnected
2019-02-25 08:19:27 INFO You are disconnected
2019-02-25 08:19:31 INFO You are connected to Belgium  .
2019-02-25 08:19:31 INFO You are connected to Belgium  .
2019-02-25 08:19:31 INFO You are connected to Belgium  .
2019-02-25 09:45:40 INFO You are disconnected
2019-02-25 09:45:40 INFO You are disconnected
2019-02-25 09:45:40 INFO You are disconnected
2019-02-25 09:45:42 INFO You are connected to Belgium  .
2019-02-25 09:45:42 INFO You are connected to Belgium  .
2019-02-25 09:45:42 INFO You are connected to Belgium  .
2019-02-25 09:45:45 INFO You are disconnected
2019-02-25 09:45:45 INFO You are disconnected
2019-02-25 09:45:45 INFO You are disconnected
2019-02-25 09:45:58 INFO You are connected to Croatia  .
2019-02-25 09:45:58 INFO You are connected to Croatia  .
2019-02-25 09:45:58 INFO You are connected to Croatia  .
2019-02-25 09:46:07 INFO You are disconnected
2019-02-25 09:46:07 INFO You are disconnected
2019-02-25 09:46:07 INFO You are disconnected
2019-02-25 09:50:50 INFO You are connected to Bosnia_And_Herzegovina  .
2019-02-25 09:50:50 INFO You are connected to Bosnia_And_Herzegovina  .
2019-02-25 09:50:50 INFO You are connected to Bosnia_And_Herzegovina  .
2019-02-25 10:04:01 INFO You are disconnected
2019-02-25 10:04:01 INFO You are disconnected
2019-02-25 10:04:01 INFO You are disconnected
2019-02-25 10:04:47 INFO You are connected to Switzerland-Zurich
2019-02-25 10:04:47 INFO You are connected to Switzerland-Zurich
2019-02-25 10:04:47 INFO You are connected to Switzerland-Zurich
2019-02-25 13:47:37 INFO Working
2019-02-25 13:47:37 INFO Working
2019-02-25 13:47:37 INFO Working
2019-02-25 14:18:04 INFO Working
2019-02-25 14:18:04 INFO Working
2019-02-25 14:18:04 INFO Working
2019-02-25 14:48:33 INFO Working
2019-02-25 14:48:33 INFO Working
2019-02-25 14:48:33 INFO Working
2019-02-25 15:02:26 INFO You are disconnected
2019-02-25 15:02:26 INFO You are disconnected
2019-02-25 15:02:26 INFO You are disconnected
2019-02-25 15:03:54 INFO You are connected to Germany-Frankfurt
2019-02-25 15:03:54 INFO You are connected to Germany-Frankfurt
2019-02-25 15:03:54 INFO You are connected to Germany-Frankfurt
2019-02-25 15:06:06 INFO You are disconnected
2019-02-25 15:06:06 INFO You are disconnected
2019-02-25 15:06:06 INFO You are disconnected
2019-02-25 15:06:15 INFO You are connected to Germany-Frankfurt
2019-02-25 15:06:15 INFO You are connected to Germany-Frankfurt
2019-02-25 15:06:15 INFO You are connected to Germany-Frankfurt
2019-02-25 15:06:21 ERROR Could not connect to Belgium  , because you were not disconnected.
2019-02-25 15:06:21 ERROR Could not connect to Belgium  , because you were not disconnected.
2019-02-25 15:06:21 ERROR Could not connect to Belgium  , because you were not disconnected.
2019-02-25 15:06:25 ERROR Could not connect to Belgium  , because you were not disconnected.
2019-02-25 15:06:25 ERROR Could not connect to Belgium  , because you were not disconnected.
2019-02-25 15:06:25 ERROR Could not connect to Belgium  , because you were not disconnected.
2019-02-25 15:06:26 ERROR Could not connect to Belgium  , because you were not disconnected.
2019-02-25 15:06:26 ERROR Could not connect to Belgium  , because you were not disconnected.
2019-02-25 15:06:26 ERROR Could not connect to Belgium  , because you were not disconnected.
2019-02-25 15:06:26 ERROR Could not connect to Belgium  , because you were not disconnected.
2019-02-25 15:06:26 ERROR Could not connect to Belgium  , because you were not disconnected.
2019-02-25 15:06:26 ERROR Could not connect to Belgium  , because you were not disconnected.
2019-02-25 15:06:27 ERROR Could not connect to Belgium  , because you were not disconnected.
2019-02-25 15:06:27 ERROR Could not connect to Belgium  , because you were not disconnected.
2019-02-25 15:06:27 ERROR Could not connect to Belgium  , because you were not disconnected.
2019-02-25 15:06:41 ERROR Could not connect to Albania  , because you were not disconnected.
2019-02-25 15:06:41 ERROR Could not connect to Albania  , because you were not disconnected.
2019-02-25 15:06:41 ERROR Could not connect to Albania  , because you were not disconnected.
2019-02-25 15:06:45 ERROR Could not connect to Albania  , because you were not disconnected.
2019-02-25 15:06:45 ERROR Could not connect to Albania  , because you were not disconnected.
2019-02-25 15:06:45 ERROR Could not connect to Albania  , because you were not disconnected.
2019-02-25 15:06:45 ERROR Could not connect to Albania  , because you were not disconnected.
2019-02-25 15:06:45 ERROR Could not connect to Albania  , because you were not disconnected.
2019-02-25 15:06:45 ERROR Could not connect to Albania  , because you were not disconnected.
2019-02-25 15:06:50 ERROR Could not connect to Albania  , because you were not disconnected.
2019-02-25 15:06:50 ERROR Could not connect to Albania  , because you were not disconnected.
2019-02-25 15:06:50 ERROR Could not connect to Albania  , because you were not disconnected.
2019-02-25 15:06:51 ERROR Could not connect to Albania  , because you were not disconnected.
2019-02-25 15:06:51 ERROR Could not connect to Albania  , because you were not disconnected.
2019-02-25 15:06:51 ERROR Could not connect to Albania  , because you were not disconnected.
2019-02-25 15:06:51 ERROR Could not connect to Albania  , because you were not disconnected.
2019-02-25 15:06:51 ERROR Could not connect to Albania  , because you were not disconnected.
2019-02-25 15:06:51 ERROR Could not connect to Albania  , because you were not disconnected.
2019-02-25 15:06:52 ERROR Could not connect to Albania  , because you were not disconnected.
2019-02-25 15:06:52 ERROR Could not connect to Albania  , because you were not disconnected.
2019-02-25 15:06:52 ERROR Could not connect to Albania  , because you were not disconnected.
2019-02-25 15:06:52 ERROR Could not connect to Albania  , because you were not disconnected.
2019-02-25 15:06:52 ERROR Could not connect to Albania  , because you were not disconnected.
2019-02-25 15:06:52 ERROR Could not connect to Albania  , because you were not disconnected.
2019-02-25 15:06:53 ERROR Could not connect to Albania  , because you were not disconnected.
2019-02-25 15:06:53 ERROR Could not connect to Albania  , because you were not disconnected.
2019-02-25 15:06:53 ERROR Could not connect to Albania  , because you were not disconnected.
2019-02-25 15:06:53 ERROR Could not connect to Albania  , because you were not disconnected.
2019-02-25 15:06:53 ERROR Could not connect to Albania  , because you were not disconnected.
2019-02-25 15:06:53 ERROR Could not connect to Albania  , because you were not disconnected.
2019-02-25 15:06:53 ERROR Could not connect to Albania  , because you were not disconnected.
2019-02-25 15:06:53 ERROR Could not connect to Albania  , because you were not disconnected.
2019-02-25 15:06:53 ERROR Could not connect to Albania  , because you were not disconnected.
2019-02-25 15:06:54 ERROR Could not connect to Albania  , because you were not disconnected.
2019-02-25 15:06:54 ERROR Could not connect to Albania  , because you were not disconnected.
2019-02-25 15:06:54 ERROR Could not connect to Albania  , because you were not disconnected.
2019-02-25 15:06:54 ERROR Could not connect to Albania  , because you were not disconnected.
2019-02-25 15:06:54 ERROR Could not connect to Albania  , because you were not disconnected.
2019-02-25 15:06:54 ERROR Could not connect to Albania  , because you were not disconnected.
2019-02-25 15:06:55 ERROR Could not connect to Albania  , because you were not disconnected.
2019-02-25 15:06:55 ERROR Could not connect to Albania  , because you were not disconnected.
2019-02-25 15:06:55 ERROR Could not connect to Albania  , because you were not disconnected.
2019-02-25 15:06:55 ERROR Could not connect to Albania  , because you were not disconnected.
2019-02-25 15:06:55 ERROR Could not connect to Albania  , because you were not disconnected.
2019-02-25 15:06:55 ERROR Could not connect to Albania  , because you were not disconnected.
2019-02-25 15:06:55 ERROR Could not connect to Albania  , because you were not disconnected.
2019-02-25 15:06:55 ERROR Could not connect to Albania  , because you were not disconnected.
2019-02-25 15:06:55 ERROR Could not connect to Albania  , because you were not disconnected.
2019-02-25 15:06:56 ERROR Could not connect to Albania  , because you were not disconnected.
2019-02-25 15:06:56 ERROR Could not connect to Albania  , because you were not disconnected.
2019-02-25 15:06:56 ERROR Could not connect to Albania  , because you were not disconnected.
2019-02-25 15:06:56 ERROR Could not connect to Albania  , because you were not disconnected.
2019-02-25 15:06:56 ERROR Could not connect to Albania  , because you were not disconnected.
2019-02-25 15:06:56 ERROR Could not connect to Albania  , because you were not disconnected.
2019-02-25 15:07:15 INFO You are disconnected
2019-02-25 15:07:15 INFO You are disconnected
2019-02-25 15:07:15 INFO You are disconnected
2019-02-25 15:11:47 INFO You are connected to Bosnia_And_Herzegovina  .
2019-02-25 15:11:47 INFO You are connected to Bosnia_And_Herzegovina  .
2019-02-25 15:11:47 INFO You are connected to Bosnia_And_Herzegovina  .
2019-02-25 15:14:02 ERROR Could not connect to Albania  , because you were not disconnected.
2019-02-25 15:14:02 ERROR Could not connect to Albania  , because you were not disconnected.
2019-02-25 15:14:02 ERROR Could not connect to Albania  , because you were not disconnected.
2019-02-25 15:14:09 ERROR Could not connect to Albania  , because you were not disconnected.
2019-02-25 15:14:09 ERROR Could not connect to Albania  , because you were not disconnected.
2019-02-25 15:14:09 ERROR Could not connect to Albania  , because you were not disconnected.
2019-02-25 15:14:13 ERROR Could not connect to Albania  , because you were not disconnected.
2019-02-25 15:14:13 ERROR Could not connect to Albania  , because you were not disconnected.
2019-02-25 15:14:13 ERROR Could not connect to Albania  , because you were not disconnected.
2019-02-25 15:14:14 ERROR Could not connect to Albania  , because you were not disconnected.
2019-02-25 15:14:14 ERROR Could not connect to Albania  , because you were not disconnected.
2019-02-25 15:14:14 ERROR Could not connect to Albania  , because you were not disconnected.
2019-02-25 15:14:14 ERROR Could not connect to Albania  , because you were not disconnected.
2019-02-25 15:14:14 ERROR Could not connect to Albania  , because you were not disconnected.
2019-02-25 15:14:14 ERROR Could not connect to Albania  , because you were not disconnected.
2019-02-25 15:14:15 ERROR Could not connect to Albania  , because you were not disconnected.
2019-02-25 15:14:15 ERROR Could not connect to Albania  , because you were not disconnected.
2019-02-25 15:14:15 ERROR Could not connect to Albania  , because you were not disconnected.
2019-02-25 15:14:15 ERROR Could not connect to Albania  , because you were not disconnected.
2019-02-25 15:14:15 ERROR Could not connect to Albania  , because you were not disconnected.
2019-02-25 15:14:15 ERROR Could not connect to Albania  , because you were not disconnected.
2019-02-25 15:14:16 ERROR Could not connect to Albania  , because you were not disconnected.
2019-02-25 15:14:16 ERROR Could not connect to Albania  , because you were not disconnected.
2019-02-25 15:14:16 ERROR Could not connect to Albania  , because you were not disconnected.
2019-02-25 15:14:16 ERROR Could not connect to Albania  , because you were not disconnected.
2019-02-25 15:14:16 ERROR Could not connect to Albania  , because you were not disconnected.
2019-02-25 15:14:16 ERROR Could not connect to Albania  , because you were not disconnected.
2019-02-25 15:14:17 ERROR Could not connect to Albania  , because you were not disconnected.
2019-02-25 15:14:17 ERROR Could not connect to Albania  , because you were not disconnected.
2019-02-25 15:14:17 ERROR Could not connect to Albania  , because you were not disconnected.
2019-02-25 15:14:17 ERROR Could not connect to Albania  , because you were not disconnected.
2019-02-25 15:14:17 ERROR Could not connect to Albania  , because you were not disconnected.
2019-02-25 15:14:17 ERROR Could not connect to Albania  , because you were not disconnected.
2019-02-25 15:14:17 ERROR Could not connect to Albania  , because you were not disconnected.
2019-02-25 15:14:17 ERROR Could not connect to Albania  , because you were not disconnected.
2019-02-25 15:14:17 ERROR Could not connect to Albania  , because you were not disconnected.
2019-02-25 15:14:18 ERROR Could not connect to Albania  , because you were not disconnected.
2019-02-25 15:14:18 ERROR Could not connect to Albania  , because you were not disconnected.
2019-02-25 15:14:18 ERROR Could not connect to Albania  , because you were not disconnected.
2019-02-25 15:14:18 ERROR Could not connect to Albania  , because you were not disconnected.
2019-02-25 15:14:18 ERROR Could not connect to Albania  , because you were not disconnected.
2019-02-25 15:14:18 ERROR Could not connect to Albania  , because you were not disconnected.
2019-02-25 15:14:19 ERROR Could not connect to Albania  , because you were not disconnected.
2019-02-25 15:14:19 ERROR Could not connect to Albania  , because you were not disconnected.
2019-02-25 15:14:19 ERROR Could not connect to Albania  , because you were not disconnected.
2019-02-25 15:15:31 ERROR Could not connect to Australia  , because you were not disconnected.
2019-02-25 15:15:31 ERROR Could not connect to Australia  , because you were not disconnected.
2019-02-25 15:15:31 ERROR Could not connect to Australia  , because you were not disconnected.
2019-02-25 15:15:43 INFO You are disconnected
2019-02-25 15:15:43 INFO You are disconnected
2019-02-25 15:15:43 INFO You are disconnected
2019-02-25 15:15:49 INFO You are connected to Belgium  .
2019-02-25 15:15:49 INFO You are connected to Belgium  .
2019-02-25 15:15:49 INFO You are connected to Belgium  .
2019-02-25 15:16:05 ERROR Could not connect to Brazil  , because you were not disconnected.
2019-02-25 15:16:05 ERROR Could not connect to Brazil  , because you were not disconnected.
2019-02-25 15:16:05 ERROR Could not connect to Brazil  , because you were not disconnected.
2019-02-25 15:16:10 ERROR Could not connect to Chile  , because you were not disconnected.
2019-02-25 15:16:10 ERROR Could not connect to Chile  , because you were not disconnected.
2019-02-25 15:16:10 ERROR Could not connect to Chile  , because you were not disconnected.
2019-02-25 15:16:10 ERROR Could not connect to Chile  , because you were not disconnected.
2019-02-25 15:16:10 ERROR Could not connect to Chile  , because you were not disconnected.
2019-02-25 15:16:10 ERROR Could not connect to Chile  , because you were not disconnected.
2019-02-25 15:16:11 ERROR Could not connect to Chile  , because you were not disconnected.
2019-02-25 15:16:11 ERROR Could not connect to Chile  , because you were not disconnected.
2019-02-25 15:16:11 ERROR Could not connect to Chile  , because you were not disconnected.
2019-02-25 15:19:14 INFO You are disconnected
2019-02-25 15:19:14 INFO You are disconnected
2019-02-25 15:19:14 INFO You are disconnected
2019-02-25 15:25:48 INFO You are connected to United Kingdom-London
2019-02-25 15:25:48 INFO You are connected to United Kingdom-London
2019-02-25 15:25:48 INFO You are connected to United Kingdom-London
2019-02-25 15:25:53 INFO You are disconnected
2019-02-25 15:25:53 INFO You are disconnected
2019-02-25 15:25:53 INFO You are disconnected
2019-02-25 15:25:59 INFO You are connected to Belgium  .
2019-02-25 15:25:59 INFO You are connected to Belgium  .
2019-02-25 15:25:59 INFO You are connected to Belgium  .
2019-02-25 15:26:03 INFO You are disconnected
2019-02-25 15:26:03 INFO You are disconnected
2019-02-25 15:26:03 INFO You are disconnected
2019-02-25 15:26:22 INFO You are connected to Germany-Frankfurt
2019-02-25 15:26:22 INFO You are connected to Germany-Frankfurt
2019-02-25 15:26:22 INFO You are connected to Germany-Frankfurt
2019-02-25 15:27:14 INFO You are disconnected
2019-02-25 15:27:14 INFO You are disconnected
2019-02-25 15:27:14 INFO You are disconnected
2019-02-25 15:27:34 INFO You are connected to Hong_Kong  .
2019-02-25 15:27:34 INFO You are connected to Hong_Kong  .
2019-02-25 15:27:34 INFO You are connected to Hong_Kong  .
2019-02-25 15:27:42 INFO You are disconnected
2019-02-25 15:27:42 INFO You are disconnected
2019-02-25 15:27:42 INFO You are disconnected
2019-02-25 15:27:54 INFO You are connected to Hong_Kong  .
2019-02-25 15:27:54 INFO You are connected to Hong_Kong  .
2019-02-25 15:27:54 INFO You are connected to Hong_Kong  .
2019-02-25 15:28:45 INFO You are disconnected
2019-02-25 15:28:45 INFO You are disconnected
2019-02-25 15:28:45 INFO You are disconnected
2019-02-25 15:28:51 INFO You are connected to Belgium-Brussels
2019-02-25 15:28:51 INFO You are connected to Belgium-Brussels
2019-02-25 15:28:51 INFO You are connected to Belgium-Brussels
2019-02-25 15:28:54 INFO You are disconnected
2019-02-25 15:28:54 INFO You are disconnected
2019-02-25 15:28:54 INFO You are disconnected
2019-02-25 15:51:38 INFO You are connected to Belgium-Brussels
2019-02-25 15:51:38 INFO You are connected to Belgium-Brussels
2019-02-25 15:51:38 INFO You are connected to Belgium-Brussels
2019-02-25 15:51:42 INFO You are disconnected
2019-02-25 15:51:42 INFO You are disconnected
2019-02-25 15:51:42 INFO You are disconnected
2019-02-25 15:52:13 INFO You are connected to Belgium-Brussels
2019-02-25 15:52:13 INFO You are connected to Belgium-Brussels
2019-02-25 15:52:13 INFO You are connected to Belgium-Brussels
2019-02-25 15:52:29 INFO You are disconnected
2019-02-25 15:52:29 INFO You are disconnected
2019-02-25 15:52:29 INFO You are disconnected
2019-02-25 15:52:45 INFO You are connected to United Kingdom-London
2019-02-25 15:52:45 INFO You are connected to United Kingdom-London
2019-02-25 15:52:45 INFO You are connected to United Kingdom-London
2019-02-25 15:52:48 INFO You are disconnected
2019-02-25 15:52:48 INFO You are disconnected
2019-02-25 15:52:48 INFO You are disconnected
2019-02-25 15:52:52 INFO You are connected to Belgium-Brussels
2019-02-25 15:52:52 INFO You are connected to Belgium-Brussels
2019-02-25 15:52:52 INFO You are connected to Belgium-Brussels
2019-02-25 15:52:56 INFO You are disconnected
2019-02-25 15:52:56 INFO You are disconnected
2019-02-25 15:52:56 INFO You are disconnected
2019-02-25 15:52:56 INFO You tried to disconnect even though you are not connected to NordVPN
2019-02-25 15:52:56 INFO You tried to disconnect even though you are not connected to NordVPN
2019-02-25 15:52:56 INFO You tried to disconnect even though you are not connected to NordVPN
2019-02-25 15:53:01 INFO You are connected to Netherlands-Amsterdam
2019-02-25 15:53:01 INFO You are connected to Netherlands-Amsterdam
2019-02-25 15:53:01 INFO You are connected to Netherlands-Amsterdam
2019-02-25 15:53:02 INFO You are disconnected
2019-02-25 15:53:02 INFO You are disconnected
2019-02-25 15:53:02 INFO You are disconnected
2019-02-25 15:54:12 INFO You are connected to United Kingdom-London
2019-02-25 15:54:12 INFO You are connected to United Kingdom-London
2019-02-25 15:54:12 INFO You are connected to United Kingdom-London
2019-02-25 15:56:06 INFO Working
2019-02-25 15:56:06 INFO Working
2019-02-25 15:56:06 INFO Working
2019-02-25 16:15:17 INFO You are disconnected
2019-02-25 16:15:17 INFO You are disconnected
2019-02-25 16:15:17 INFO You are disconnected
2019-02-25 16:15:17 INFO You tried to disconnect even though you are not connected to NordVPN
2019-02-25 16:15:17 INFO You tried to disconnect even though you are not connected to NordVPN
2019-02-25 16:15:17 INFO You tried to disconnect even though you are not connected to NordVPN
2019-02-25 16:15:17 INFO You tried to disconnect even though you are not connected to NordVPN
2019-02-25 16:15:17 INFO You tried to disconnect even though you are not connected to NordVPN
2019-02-25 16:15:17 INFO You tried to disconnect even though you are not connected to NordVPN
2019-02-25 16:15:22 INFO You are connected to United Kingdom-London
2019-02-25 16:15:22 INFO You are connected to United Kingdom-London
2019-02-25 16:15:22 INFO You are connected to United Kingdom-London
2019-02-25 16:17:14 INFO You are disconnected
2019-02-25 16:17:14 INFO You are disconnected
2019-02-25 16:17:14 INFO You are disconnected
2019-02-25 16:18:58 INFO You are connected to Germany-Frankfurt
2019-02-25 16:18:58 INFO You are connected to Germany-Frankfurt
2019-02-25 16:18:58 INFO You are connected to Germany-Frankfurt
2019-02-25 16:19:01 INFO You are disconnected
2019-02-25 16:19:01 INFO You are disconnected
2019-02-25 16:19:01 INFO You are disconnected
2019-02-25 16:19:06 INFO You are connected to United Kingdom-London
2019-02-25 16:19:06 INFO You are connected to United Kingdom-London
2019-02-25 16:19:06 INFO You are connected to United Kingdom-London
2019-02-25 16:19:43 INFO You are disconnected
2019-02-25 16:19:43 INFO You are disconnected
2019-02-25 16:19:43 INFO You are disconnected
2019-02-25 16:19:49 INFO You are connected to Germany-Frankfurt
2019-02-25 16:19:49 INFO You are connected to Germany-Frankfurt
2019-02-25 16:19:49 INFO You are connected to Germany-Frankfurt
2019-02-25 16:19:58 INFO You are disconnected
2019-02-25 16:19:58 INFO You are disconnected
2019-02-25 16:19:58 INFO You are disconnected
2019-02-25 16:23:55 INFO You are connected to United Kingdom-London
2019-02-25 16:23:55 INFO You are connected to United Kingdom-London
2019-02-25 16:23:55 INFO You are connected to United Kingdom-London
2019-02-25 16:23:56 INFO You are disconnected
2019-02-25 16:23:56 INFO You are disconnected
2019-02-25 16:23:56 INFO You are disconnected
2019-02-25 16:24:08 INFO You are connected to Germany-Frankfurt
2019-02-25 16:24:08 INFO You are connected to Germany-Frankfurt
2019-02-25 16:24:08 INFO You are connected to Germany-Frankfurt
2019-02-25 16:24:13 INFO You are disconnected
2019-02-25 16:24:13 INFO You are disconnected
2019-02-25 16:24:13 INFO You are disconnected
2019-02-25 16:24:17 INFO You are connected to Germany-Frankfurt
2019-02-25 16:24:17 INFO You are connected to Germany-Frankfurt
2019-02-25 16:24:17 INFO You are connected to Germany-Frankfurt
2019-02-25 16:24:19 INFO You are disconnected
2019-02-25 16:24:19 INFO You are disconnected
2019-02-25 16:24:19 INFO You are disconnected
2019-02-25 16:32:13 INFO You are connected to Netherlands-Amsterdam
2019-02-25 16:32:13 INFO You are connected to Netherlands-Amsterdam
2019-02-25 16:32:13 INFO You are connected to Netherlands-Amsterdam
2019-02-25 16:32:14 INFO You are disconnected
2019-02-25 16:32:14 INFO You are disconnected
2019-02-25 16:32:14 INFO You are disconnected
2019-02-25 17:28:00 INFO You are connected to Hungary-Budapest
2019-02-25 17:28:00 INFO You are connected to Hungary-Budapest
2019-02-25 17:28:00 INFO You are connected to Hungary-Budapest
2019-02-25 17:30:01 ERROR Could not fast connect
2019-02-25 17:30:01 ERROR Could not fast connect
2019-02-25 17:30:01 ERROR Could not fast connect
2019-02-25 17:31:35 ERROR Could not fast connect
2019-02-25 17:31:35 ERROR Could not fast connect
2019-02-25 17:31:35 ERROR Could not fast connect
2019-02-25 17:32:34 ERROR Could not fast connect
2019-02-25 17:32:34 ERROR Could not fast connect
2019-02-25 17:32:34 ERROR Could not fast connect
2019-02-25 17:34:11 ERROR Could not fast connect
2019-02-25 17:34:11 ERROR Could not fast connect
2019-02-25 17:34:11 ERROR Could not fast connect
2019-02-25 17:34:34 INFO You are disconnected
2019-02-25 17:34:34 INFO You are disconnected
2019-02-25 17:34:34 INFO You are disconnected
2019-02-25 17:34:40 INFO You are connected to Hungary-Budapest
2019-02-25 17:34:40 INFO You are connected to Hungary-Budapest
2019-02-25 17:34:40 INFO You are connected to Hungary-Budapest
2019-02-25 17:34:49 INFO You are disconnected
2019-02-25 17:34:49 INFO You are disconnected
2019-02-25 17:34:49 INFO You are disconnected
2019-02-25 17:39:04 INFO You are connected to Belgium  .
2019-02-25 17:39:04 INFO You are connected to Belgium  .
2019-02-25 17:39:04 INFO You are connected to Belgium  .
2019-02-25 17:42:10 ERROR Could not fast connect
2019-02-25 17:42:10 ERROR Could not fast connect
2019-02-25 17:42:10 ERROR Could not fast connect
2019-02-25 17:42:19 INFO You are disconnected
2019-02-25 17:42:19 INFO You are disconnected
2019-02-25 17:42:19 INFO You are disconnected
2019-02-25 17:42:32 INFO You are connected to Czech Republic-Prague
2019-02-25 17:42:32 INFO You are connected to Czech Republic-Prague
2019-02-25 17:42:32 INFO You are connected to Czech Republic-Prague
2019-02-25 17:45:51 ERROR Could not fast connect
2019-02-25 17:45:51 ERROR Could not fast connect
2019-02-25 17:45:51 ERROR Could not fast connect
2019-02-25 17:45:56 INFO You are disconnected
2019-02-25 17:45:56 INFO You are disconnected
2019-02-25 17:45:56 INFO You are disconnected
2019-02-25 17:48:38 INFO You are connected to United Kingdom-London
2019-02-25 17:48:38 INFO You are connected to United Kingdom-London
2019-02-25 17:48:38 INFO You are connected to United Kingdom-London
2019-02-25 17:49:47 ERROR Could not fast connect
2019-02-25 17:49:47 ERROR Could not fast connect
2019-02-25 17:49:47 ERROR Could not fast connect
2019-02-25 17:49:54 INFO You are disconnected
2019-02-25 17:49:54 INFO You are disconnected
2019-02-25 17:49:54 INFO You are disconnected
2019-02-25 17:49:59 INFO You are connected to Switzerland-Zurich
2019-02-25 17:49:59 INFO You are connected to Switzerland-Zurich
2019-02-25 17:49:59 INFO You are connected to Switzerland-Zurich
2019-02-25 17:50:26 INFO You are disconnected
2019-02-25 17:50:26 INFO You are disconnected
2019-02-25 17:50:26 INFO You are disconnected
2019-02-25 17:51:43 INFO You are connected to United Kingdom-London
2019-02-25 17:51:43 INFO You are connected to United Kingdom-London
2019-02-25 17:51:43 INFO You are connected to United Kingdom-London
2019-02-25 17:52:06 ERROR Could not connect to Australia  , because you were not disconnected.
2019-02-25 17:52:06 ERROR Could not connect to Australia  , because you were not disconnected.
2019-02-25 17:52:06 ERROR Could not connect to Australia  , because you were not disconnected.
2019-02-25 17:57:41 ERROR Could not fast connect
2019-02-25 17:57:41 ERROR Could not fast connect
2019-02-25 17:57:41 ERROR Could not fast connect
2019-02-25 17:58:43 ERROR Could not fast connect
2019-02-25 17:58:43 ERROR Could not fast connect
2019-02-25 17:58:43 ERROR Could not fast connect
2019-02-25 17:58:49 INFO You are disconnected
2019-02-25 17:58:49 INFO You are disconnected
2019-02-25 17:58:49 INFO You are disconnected
2019-02-25 17:58:59 INFO You are connected to United Kingdom-London
2019-02-25 17:58:59 INFO You are connected to United Kingdom-London
2019-02-25 17:58:59 INFO You are connected to United Kingdom-London
2019-02-25 17:59:03 INFO You are disconnected
2019-02-25 17:59:03 INFO You are disconnected
2019-02-25 17:59:03 INFO You are disconnected
2019-02-25 17:59:08 INFO You are connected to United Kingdom-London
2019-02-25 17:59:08 INFO You are connected to United Kingdom-London
2019-02-25 17:59:08 INFO You are connected to United Kingdom-London
2019-02-25 17:59:20 INFO You are disconnected
2019-02-25 17:59:20 INFO You are disconnected
2019-02-25 17:59:20 INFO You are disconnected
2019-02-25 17:59:43 INFO You are connected to United Kingdom-London
2019-02-25 17:59:43 INFO You are connected to United Kingdom-London
2019-02-25 17:59:43 INFO You are connected to United Kingdom-London
2019-02-25 17:59:47 INFO You are disconnected
2019-02-25 17:59:47 INFO You are disconnected
2019-02-25 17:59:47 INFO You are disconnected
2019-02-25 18:00:10 INFO You are connected to United Kingdom-London
2019-02-25 18:00:10 INFO You are connected to United Kingdom-London
2019-02-25 18:00:10 INFO You are connected to United Kingdom-London
2019-02-25 18:00:21 INFO You are disconnected
2019-02-25 18:00:21 INFO You are disconnected
2019-02-25 18:00:21 INFO You are disconnected
2019-02-25 18:01:20 INFO You are connected to United Kingdom-London
2019-02-25 18:01:20 INFO You are connected to United Kingdom-London
2019-02-25 18:01:20 INFO You are connected to United Kingdom-London
2019-02-25 18:01:24 INFO You are disconnected
2019-02-25 18:01:24 INFO You are disconnected
2019-02-25 18:01:24 INFO You are disconnected
2019-02-25 18:01:44 INFO You are connected to United Kingdom-London
2019-02-25 18:01:44 INFO You are connected to United Kingdom-London
2019-02-25 18:01:44 INFO You are connected to United Kingdom-London
2019-02-25 18:01:50 INFO You are disconnected
2019-02-25 18:01:50 INFO You are disconnected
2019-02-25 18:01:50 INFO You are disconnected
2019-02-25 18:01:55 INFO You are connected to United Kingdom-London
2019-02-25 18:01:55 INFO You are connected to United Kingdom-London
2019-02-25 18:01:55 INFO You are connected to United Kingdom-London
2019-02-25 18:02:21 ERROR Could not fast connect
2019-02-25 18:02:21 ERROR Could not fast connect
2019-02-25 18:02:21 ERROR Could not fast connect
2019-02-25 18:02:25 INFO You are disconnected
2019-02-25 18:02:25 INFO You are disconnected
2019-02-25 18:02:25 INFO You are disconnected
2019-02-25 18:02:31 INFO You are connected to United Kingdom-London
2019-02-25 18:02:31 INFO You are connected to United Kingdom-London
2019-02-25 18:02:31 INFO You are connected to United Kingdom-London
2019-02-25 18:03:24 ERROR Could not fast connect
2019-02-25 18:03:24 ERROR Could not fast connect
2019-02-25 18:03:24 ERROR Could not fast connect
2019-02-25 18:03:28 INFO You are disconnected
2019-02-25 18:03:28 INFO You are disconnected
2019-02-25 18:03:28 INFO You are disconnected
2019-02-25 18:03:41 INFO You are connected to United Kingdom-London
2019-02-25 18:03:41 INFO You are connected to United Kingdom-London
2019-02-25 18:03:41 INFO You are connected to United Kingdom-London
2019-02-25 18:03:54 ERROR Could not fast connect
2019-02-25 18:03:54 ERROR Could not fast connect
2019-02-25 18:03:54 ERROR Could not fast connect
2019-02-25 18:03:59 ERROR Could not fast connect
2019-02-25 18:03:59 ERROR Could not fast connect
2019-02-25 18:03:59 ERROR Could not fast connect
2019-02-25 18:06:06 INFO You are disconnected
2019-02-25 18:06:06 INFO You are disconnected
2019-02-25 18:06:06 INFO You are disconnected
2019-02-25 18:20:22 INFO Working
2019-02-25 18:20:22 INFO Working
2019-02-25 18:20:22 INFO Working
2019-02-26 14:01:34 INFO Working
2019-02-26 14:01:34 INFO Working
2019-02-26 14:01:34 INFO Working
2019-02-26 14:32:10 INFO Working
2019-02-26 14:32:10 INFO Working
2019-02-26 14:32:10 INFO Working
2019-02-26 15:02:42 INFO Working
2019-02-26 15:02:42 INFO Working
2019-02-26 15:02:42 INFO Working
2019-02-26 15:33:07 INFO Working
2019-02-26 15:33:07 INFO Working
2019-02-26 15:33:07 INFO Working
2019-02-26 17:16:15 INFO You are connected to Russia  .
2019-02-26 17:16:15 INFO You are connected to Russia  .
2019-02-26 17:16:15 INFO You are connected to Russia  .
2019-02-26 17:16:28 INFO You are disconnected
2019-02-26 17:16:28 INFO You are disconnected
2019-02-26 17:16:28 INFO You are disconnected
2019-02-26 18:23:04 INFO You are connected to Hong_Kong  .
2019-02-26 18:23:04 INFO You are connected to Hong_Kong  .
2019-02-26 18:23:04 INFO You are connected to Hong_Kong  .
2019-02-27 09:02:12 INFO You are connected to Mexico  .
2019-02-27 09:02:12 INFO You are connected to Mexico  .
2019-02-27 09:02:12 INFO You are connected to Mexico  .
2019-02-27 09:09:43 INFO You are disconnected
2019-02-27 09:09:43 INFO You are disconnected
2019-02-27 09:09:43 INFO You are disconnected
2019-02-27 09:09:46 INFO You are connected to Germany  .
2019-02-27 09:09:46 INFO You are connected to Germany  .
2019-02-27 09:09:46 INFO You are connected to Germany  .
